[2019-04-16T10:07:12.471+0200][0.006s] Using Concurrent Mark Sweep
[2019-04-16T10:07:12.471+0200][0.006s] Heap address: 0x00000000e0000000, size: 512 MB, Compressed Oops mode: 32-bit
[2019-04-16T10:07:14.109+0200][1,643s] GC(0) Pause Young (Allocation Failure)
[2019-04-16T10:07:14.109+0200][1,643s] GC(0) Using 4 workers of 4 for evacuation
[2019-04-16T10:07:14.131+0200][1,665s] GC(0) ParNew: 87424K->11017K(109248K)
[2019-04-16T10:07:14.131+0200][1,665s] GC(0) CMS: 0K->0K(393216K)
[2019-04-16T10:07:14.131+0200][1,665s] GC(0) Metaspace: 23519K->23519K(1071104K)
[2019-04-16T10:07:14.131+0200][1,665s] GC(0) Pause Young (Allocation Failure) 85M->10M(490M) 22,336ms
[2019-04-16T10:07:14.131+0200][1,665s] GC(0) User=0,07s Sys=0,01s Real=0,02s
[2019-04-16T10:07:14.132+0200][1,666s] GC(1) Pause Initial Mark
[2019-04-16T10:07:14.134+0200][1,668s] GC(1) Pause Initial Mark 12M->12M(490M) 1,950ms
[2019-04-16T10:07:14.134+0200][1,668s] GC(1) User=0,00s Sys=0,00s Real=0,00s
[2019-04-16T10:07:14.134+0200][1,668s] GC(1) Concurrent Mark
[2019-04-16T10:07:14.134+0200][1,668s] GC(1) Using 4 workers of 4 for marking
[2019-04-16T10:07:14.136+0200][1,670s] GC(1) Concurrent Mark 1,988ms
[2019-04-16T10:07:14.136+0200][1,670s] GC(1) User=0,01s Sys=0,00s Real=0,00s
[2019-04-16T10:07:14.136+0200][1,670s] GC(1) Concurrent Preclean
[2019-04-16T10:07:14.136+0200][1,671s] GC(1) Concurrent Preclean 0,739ms
[2019-04-16T10:07:14.137+0200][1,671s] GC(1) User=0,00s Sys=0,00s Real=0,00s
[2019-04-16T10:07:14.137+0200][1,671s] GC(1) Pause Remark
[2019-04-16T10:07:14.137+0200][1,671s] GC(2) Pause Young (CMS Final Remark)
[2019-04-16T10:07:14.137+0200][1,672s] GC(2) Using 4 workers of 4 for evacuation
[2019-04-16T10:07:14.147+0200][1,681s] GC(2) ParNew: 12625K->15488K(109248K)
[2019-04-16T10:07:14.147+0200][1,681s] GC(2) CMS: 0K->0K(393216K)
[2019-04-16T10:07:14.147+0200][1,681s] GC(2) Metaspace: 23549K->23549K(1071104K)
[2019-04-16T10:07:14.147+0200][1,681s] GC(2) Pause Young (CMS Final Remark) 12M->15M(490M) 9,920ms
[2019-04-16T10:07:14.147+0200][1,681s] GC(2) User=0,03s Sys=0,00s Real=0,01s
[2019-04-16T10:07:14.159+0200][1,693s] GC(1) Pause Remark 12M->15M(490M) 21,801ms
[2019-04-16T10:07:14.159+0200][1,693s] GC(1) User=0,06s Sys=0,00s Real=0,02s
[2019-04-16T10:07:14.159+0200][1,693s] GC(1) Concurrent Sweep
[2019-04-16T10:07:14.159+0200][1,693s] GC(1) Concurrent Sweep 0,051ms
[2019-04-16T10:07:14.159+0200][1,693s] GC(1) User=0,00s Sys=0,00s Real=0,00s
[2019-04-16T10:07:14.159+0200][1,693s] GC(1) Concurrent Reset
[2019-04-16T10:07:14.161+0200][1,696s] GC(1) Concurrent Reset 2,465ms
[2019-04-16T10:07:14.161+0200][1,696s] GC(1) User=0,00s Sys=0,00s Real=0,00s
[2019-04-16T10:07:14.161+0200][1,696s] GC(1) Old: 0K->0K(393216K)
[2019-04-16T10:07:15.188+0200][2,723s] GC(3) Pause Young (Allocation Failure)
[2019-04-16T10:07:15.188+0200][2,723s] GC(3) Using 4 workers of 4 for evacuation
[2019-04-16T10:07:15.221+0200][2,755s] GC(3) ParNew: 102898K->17781K(109248K)
[2019-04-16T10:07:15.221+0200][2,755s] GC(3) CMS: 0K->0K(393216K)
[2019-04-16T10:07:15.221+0200][2,755s] GC(3) Metaspace: 32250K->32250K(1079296K)
[2019-04-16T10:07:15.221+0200][2,755s] GC(3) Pause Young (Allocation Failure) 100M->17M(490M) 32,942ms
[2019-04-16T10:07:15.221+0200][2,755s] GC(3) User=0,09s Sys=0,00s Real=0,03s
[2019-04-16T10:07:15.300+0200][2,834s] GC(4) Pause Young (Allocation Failure)
[2019-04-16T10:07:15.300+0200][2,834s] GC(4) Using 4 workers of 4 for evacuation
[2019-04-16T10:07:15.355+0200][2,890s] GC(4) ParNew: 104964K->21824K(109248K)
[2019-04-16T10:07:15.355+0200][2,890s] GC(4) CMS: 0K->21829K(393216K)
[2019-04-16T10:07:15.355+0200][2,890s] GC(4) Metaspace: 32292K->32292K(1079296K)
[2019-04-16T10:07:15.355+0200][2,890s] GC(4) Pause Young (Allocation Failure) 102M->42M(490M) 55,609ms
[2019-04-16T10:07:15.355+0200][2,890s] GC(4) User=0,09s Sys=0,01s Real=0,05s
[2019-04-16T10:07:16.038+0200][3,572s] GC(5) Pause Young (Allocation Failure)
[2019-04-16T10:07:16.038+0200][3,572s] GC(5) Using 4 workers of 4 for evacuation
[2019-04-16T10:07:16.052+0200][3,587s] GC(5) ParNew: 109248K->19325K(109248K)
[2019-04-16T10:07:16.052+0200][3,587s] GC(5) CMS: 21829K->29272K(393216K)
[2019-04-16T10:07:16.052+0200][3,587s] GC(5) Metaspace: 36510K->36510K(1083392K)
[2019-04-16T10:07:16.052+0200][3,587s] GC(5) Pause Young (Allocation Failure) 128M->47M(490M) 14,293ms
[2019-04-16T10:07:16.052+0200][3,587s] GC(5) User=0,04s Sys=0,00s Real=0,01s
[2019-04-16T10:07:16.745+0200][4,279s] GC(6) Pause Young (Allocation Failure)
[2019-04-16T10:07:16.745+0200][4,279s] GC(6) Using 4 workers of 4 for evacuation
[2019-04-16T10:07:16.757+0200][4,291s] GC(6) ParNew: 106749K->21824K(109248K)
[2019-04-16T10:07:16.757+0200][4,291s] GC(6) CMS: 29272K->32190K(393216K)
[2019-04-16T10:07:16.757+0200][4,291s] GC(6) Metaspace: 40588K->40588K(1087488K)
[2019-04-16T10:07:16.757+0200][4,291s] GC(6) Pause Young (Allocation Failure) 132M->52M(490M) 12,006ms
[2019-04-16T10:07:16.757+0200][4,291s] GC(6) User=0,04s Sys=0,00s Real=0,01s
[2019-04-16T10:07:16.757+0200][4,292s] GC(7) Pause Initial Mark
[2019-04-16T10:07:16.761+0200][4,295s] GC(7) Pause Initial Mark 53M->53M(490M) 3,665ms
[2019-04-16T10:07:16.761+0200][4,295s] GC(7) User=0,01s Sys=0,00s Real=0,00s
[2019-04-16T10:07:16.761+0200][4,295s] GC(7) Concurrent Mark
[2019-04-16T10:07:16.761+0200][4,295s] GC(7) Using 4 workers of 4 for marking
[2019-04-16T10:07:16.770+0200][4,305s] GC(7) Concurrent Mark 9,205ms
[2019-04-16T10:07:16.770+0200][4,305s] GC(7) User=0,04s Sys=0,00s Real=0,01s
[2019-04-16T10:07:16.770+0200][4,305s] GC(7) Concurrent Preclean
[2019-04-16T10:07:16.771+0200][4,306s] GC(7) Concurrent Preclean 1,031ms
[2019-04-16T10:07:16.771+0200][4,306s] GC(7) User=0,00s Sys=0,00s Real=0,00s
[2019-04-16T10:07:16.771+0200][4,306s] GC(7) Pause Remark
[2019-04-16T10:07:16.771+0200][4,306s] GC(8) Pause Young (CMS Final Remark)
[2019-04-16T10:07:16.771+0200][4,306s] GC(8) Using 4 workers of 4 for evacuation
[2019-04-16T10:07:16.789+0200][4,324s] GC(8) ParNew: 22586K->21824K(109248K)
[2019-04-16T10:07:16.789+0200][4,324s] GC(8) CMS: 32190K->34863K(393216K)
[2019-04-16T10:07:16.789+0200][4,324s] GC(8) Metaspace: 40607K->40607K(1087488K)
[2019-04-16T10:07:16.789+0200][4,324s] GC(8) Pause Young (CMS Final Remark) 53M->55M(490M) 18,096ms
[2019-04-16T10:07:16.789+0200][4,324s] GC(8) User=0,04s Sys=0,00s Real=0,02s
[2019-04-16T10:07:16.808+0200][4,343s] GC(7) Pause Remark 53M->55M(490M) 36,673ms
[2019-04-16T10:07:16.808+0200][4,343s] GC(7) User=0,08s Sys=0,00s Real=0,04s
[2019-04-16T10:07:16.808+0200][4,343s] GC(7) Concurrent Sweep
[2019-04-16T10:07:16.814+0200][4,349s] GC(7) Concurrent Sweep 6,380ms
[2019-04-16T10:07:16.814+0200][4,349s] GC(7) User=0,02s Sys=0,00s Real=0,00s
[2019-04-16T10:07:16.815+0200][4,349s] GC(7) Concurrent Reset
[2019-04-16T10:07:16.815+0200][4,350s] GC(7) Concurrent Reset 0,439ms
[2019-04-16T10:07:16.815+0200][4,350s] GC(7) User=0,00s Sys=0,00s Real=0,00s
[2019-04-16T10:07:16.815+0200][4,350s] GC(7) Old: 32190K->28364K(393216K)
[2019-04-16T10:07:16.977+0200][4,512s] GC(9) Pause Young (Allocation Failure)
[2019-04-16T10:07:16.977+0200][4,512s] GC(9) Using 4 workers of 4 for evacuation
[2019-04-16T10:07:16.990+0200][4,524s] GC(9) ParNew: 109248K->21824K(109248K)
[2019-04-16T10:07:16.990+0200][4,524s] GC(9) CMS: 28364K->29369K(393216K)
[2019-04-16T10:07:16.990+0200][4,524s] GC(9) Metaspace: 41842K->41842K(1087488K)
[2019-04-16T10:07:16.990+0200][4,524s] GC(9) Pause Young (Allocation Failure) 134M->49M(490M) 12,670ms
[2019-04-16T10:07:16.990+0200][4,524s] GC(9) User=0,04s Sys=0,00s Real=0,01s
[2019-04-16T10:07:17.353+0200][4,888s] GC(10) Pause Young (Allocation Failure)
[2019-04-16T10:07:17.353+0200][4,888s] GC(10) Using 4 workers of 4 for evacuation
[2019-04-16T10:07:17.374+0200][4,909s] GC(10) ParNew: 109248K->21824K(109248K)
[2019-04-16T10:07:17.374+0200][4,909s] GC(10) CMS: 29369K->29545K(393216K)
[2019-04-16T10:07:17.374+0200][4,909s] GC(10) Metaspace: 43613K->43613K(1089536K)
[2019-04-16T10:07:17.374+0200][4,909s] GC(10) Pause Young (Allocation Failure) 135M->50M(490M) 21,176ms
[2019-04-16T10:07:17.374+0200][4,909s] GC(10) User=0,04s Sys=0,00s Real=0,02s
[2019-04-16T10:07:17.622+0200][5,156s] GC(11) Pause Young (Allocation Failure)
[2019-04-16T10:07:17.622+0200][5,156s] GC(11) Using 4 workers of 4 for evacuation
[2019-04-16T10:07:17.645+0200][5,180s] GC(11) ParNew: 109248K->21824K(109248K)
[2019-04-16T10:07:17.645+0200][5,180s] GC(11) CMS: 29545K->30799K(393216K)
[2019-04-16T10:07:17.645+0200][5,180s] GC(11) Metaspace: 43818K->43818K(1089536K)
[2019-04-16T10:07:17.645+0200][5,180s] GC(11) Pause Young (Allocation Failure) 135M->51M(490M) 23,563ms
[2019-04-16T10:07:17.645+0200][5,180s] GC(11) User=0,05s Sys=0,00s Real=0,03s
[2019-04-16T10:07:17.728+0200][5,262s] GC(12) Pause Young (Allocation Failure)
[2019-04-16T10:07:17.728+0200][5,262s] GC(12) Using 4 workers of 4 for evacuation
[2019-04-16T10:07:17.738+0200][5,272s] GC(12) ParNew: 109248K->21824K(109248K)
[2019-04-16T10:07:17.738+0200][5,272s] GC(12) CMS: 30799K->31361K(393216K)
[2019-04-16T10:07:17.738+0200][5,272s] GC(12) Metaspace: 43855K->43855K(1089536K)
[2019-04-16T10:07:17.738+0200][5,272s] GC(12) Pause Young (Allocation Failure) 136M->51M(490M) 10,238ms
[2019-04-16T10:07:17.738+0200][5,272s] GC(12) User=0,03s Sys=0,00s Real=0,01s
[2019-04-16T10:07:18.263+0200][5,797s] GC(13) Pause Young (Allocation Failure)
[2019-04-16T10:07:18.263+0200][5,797s] GC(13) Using 4 workers of 4 for evacuation
[2019-04-16T10:07:18.295+0200][5,829s] GC(13) ParNew: 109248K->21824K(109248K)
[2019-04-16T10:07:18.295+0200][5,829s] GC(13) CMS: 31361K->32572K(393216K)
[2019-04-16T10:07:18.295+0200][5,829s] GC(13) Metaspace: 46884K->46884K(1091584K)
[2019-04-16T10:07:18.295+0200][5,829s] GC(13) Pause Young (Allocation Failure) 137M->53M(490M) 32,416ms
[2019-04-16T10:07:18.295+0200][5,830s] GC(13) User=0,12s Sys=0,00s Real=0,03s
[2019-04-16T10:07:18.819+0200][6,353s] GC(14) Pause Young (Allocation Failure)
[2019-04-16T10:07:18.819+0200][6,353s] GC(14) Using 4 workers of 4 for evacuation
[2019-04-16T10:07:18.843+0200][6,378s] GC(14) ParNew: 109248K->21824K(109248K)
[2019-04-16T10:07:18.843+0200][6,378s] GC(14) CMS: 32572K->41672K(393216K)
[2019-04-16T10:07:18.843+0200][6,378s] GC(14) Metaspace: 50046K->50046K(1095680K)
[2019-04-16T10:07:18.843+0200][6,378s] GC(14) Pause Young (Allocation Failure) 138M->62M(490M) 24,777ms
[2019-04-16T10:07:18.843+0200][6,378s] GC(14) User=0,08s Sys=0,00s Real=0,02s
[2019-04-16T10:10:18.057+0200][185,592s] GC(15) Pause Young (Allocation Failure)
[2019-04-16T10:10:18.057+0200][185,592s] GC(15) Using 4 workers of 4 for evacuation
[2019-04-16T10:10:18.140+0200][185,674s] GC(15) ParNew: 109248K->21824K(109248K)
[2019-04-16T10:10:18.140+0200][185,675s] GC(15) CMS: 41672K->47581K(393216K)
[2019-04-16T10:10:18.140+0200][185,675s] GC(15) Metaspace: 56100K->56100K(1099776K)
[2019-04-16T10:10:18.140+0200][185,675s] GC(15) Pause Young (Allocation Failure) 147M->67M(490M) 82,723ms
[2019-04-16T10:10:18.140+0200][185,675s] GC(15) User=0,26s Sys=0,01s Real=0,08s
[2019-04-16T10:35:47.589+0200][1715,123s] GC(16) Pause Young (Allocation Failure)
[2019-04-16T10:35:47.589+0200][1715,123s] GC(16) Using 4 workers of 4 for evacuation
[2019-04-16T10:35:47.609+0200][1715,143s] GC(16) ParNew: 109248K->21824K(109248K)
[2019-04-16T10:35:47.609+0200][1715,143s] GC(16) CMS: 47581K->51929K(393216K)
[2019-04-16T10:35:47.609+0200][1715,143s] GC(16) Metaspace: 57273K->57273K(1101824K)
[2019-04-16T10:35:47.609+0200][1715,143s] GC(16) Pause Young (Allocation Failure) 153M->72M(490M) 20,234ms
[2019-04-16T10:35:47.609+0200][1715,143s] GC(16) User=0,08s Sys=0,00s Real=0,02s
[2019-04-16T11:03:29.592+0200][3377,126s] GC(17) Pause Young (Allocation Failure)
[2019-04-16T11:03:29.592+0200][3377,127s] GC(17) Using 4 workers of 4 for evacuation
[2019-04-16T11:03:29.650+0200][3377,184s] GC(17) ParNew: 109248K->21824K(109248K)
[2019-04-16T11:03:29.650+0200][3377,184s] GC(17) CMS: 51929K->57152K(393216K)
[2019-04-16T11:03:29.650+0200][3377,184s] GC(17) Metaspace: 57942K->57942K(1101824K)
[2019-04-16T11:03:29.650+0200][3377,184s] GC(17) Pause Young (Allocation Failure) 157M->77M(490M) 57,906ms
[2019-04-16T11:03:29.650+0200][3377,184s] GC(17) User=0,17s Sys=0,02s Real=0,06s
[2019-04-16T11:35:45.953+0200][5313,488s] GC(18) Pause Young (Allocation Failure)
[2019-04-16T11:35:45.953+0200][5313,488s] GC(18) Using 4 workers of 4 for evacuation
[2019-04-16T11:35:45.971+0200][5313,506s] GC(18) ParNew: 109248K->21824K(109248K)
[2019-04-16T11:35:45.972+0200][5313,506s] GC(18) CMS: 57152K->57934K(393216K)
[2019-04-16T11:35:45.972+0200][5313,506s] GC(18) Metaspace: 58514K->58514K(1103872K)
[2019-04-16T11:35:45.972+0200][5313,506s] GC(18) Pause Young (Allocation Failure) 162M->77M(490M) 18,429ms
[2019-04-16T11:35:45.972+0200][5313,506s] GC(18) User=0,05s Sys=0,00s Real=0,02s
